<?xml version="1.0" encoding="UTF-8"?>
<testsuite name="com.newoether.agora.wear.WearOfflineQueueTest" tests="7" skipped="0" failures="0" errors="0" timestamp="2026-09-14T18:04:18.954Z" hostname="DESKTOP-KNHM6KL" time="2.443">
  <properties/>
  <testcase name="clear empties the queue" classname="com.newoether.agora.wear.WearOfflineQueueTest" time="2.348"/>
  <testcase name="ids are monotonic and stable across restarts" classname="com.newoether.agora.wear.WearOfflineQueueTest" time="0.013"/>
  <testcase name="recordFailure on an unknown id is a no-op" classname="com.newoether.agora.wear.WearOfflineQueueTest" time="0.014"/>
  <testcase name="a failing entry is dropped only after the attempt ceiling" classname="com.newoether.agora.wear.WearOfflineQueueTest" time="0.02"/>
  <testcase name="a queued question survives a new queue instance" classname="com.newoether.agora.wear.WearOfflineQueueTest" time="0.015"/>
  <testcase name="completing removes exactly the sent entry" classname="com.newoether.agora.wear.WearOfflineQueueTest" time="0.017"/>
  <testcase name="a corrupt queue file reads as empty instead of throwing" classname="com.newoether.agora.wear.WearOfflineQueueTest" time="0.014"/>
  <system-out><![CDATA[]]></system-out>
  <system-err><![CDATA[WARNING: A Java agent has been loaded dynamically (C:\Users\Michael\.gradle\caches\modules-2\files-2.1\net.bytebuddy\byte-buddy-agent\1.14.17\e3c251a39dc90badaf71c83427ba46840f219d8d\byte-buddy-agent-1.14.17.jar)
WARNING: If a serviceability tool is in use, please run with -XX:+EnableDynamicAgentLoading to hide this warning
WARNING: If a serviceability tool is not in use, please run with -Djdk.instrument.traceUsage for more information
WARNING: Dynamic loading of agents will be disallowed by default in a future release
]]></system-err>
</testsuite>
